<?xml version="1.0" encoding="UTF-8"?>
<!-- Generated by org.testng.reporters.JUnitXMLReporter -->
<testsuite ignored="0" hostname="DESKTOP-E5PNTFF" failures="0" tests="4" name="test" time="81.461" errors="0" timestamp="2024-07-27T15:41:30 IST">
  <testcase classname="testcases.SignUpTest" name="LoginTest" time="13.763"/>
  <testcase classname="testcases.SignUpTest" name="LoginTest" time="14.605"/>
  <testcase classname="testcases.SignUpTest" name="LoginTest" time="14.324"/>
  <testcase classname="testcases.SignUpTest" name="LoginTest" time="20.336"/>
</testsuite> <!-- test -->
