<?xml version="1.0" encoding="UTF-8"?>
<testng-results ignored="0" total="4" passed="4" failed="0" skipped="0">
  <reporter-output>
  </reporter-output>
  <suite started-at="2024-07-27T15:40:08 IST" name="Suite" finished-at="2024-07-27T15:41:30 IST" duration-ms="81461">
    <groups>
    </groups>
    <test started-at="2024-07-27T15:40:08 IST" name="test" finished-at="2024-07-27T15:41:30 IST" duration-ms="81461">
      <class name="testcases.SignUpTest">
        <test-method is-config="true" signature="setup()[pri:0, instance:testcases.SignUpTest@290222c1]" started-at="2024-07-27T15:40:08 IST" name="setup" finished-at="2024-07-27T15:40:14 IST" duration-ms="6025" status="PASS">
          <reporter-output>
          </reporter-output>
        </test-method> <!-- setup -->
        <test-method signature="LoginTest(java.lang.String, java.lang.String)[pri:0, instance:testcases.SignUpTest@290222c1]" started-at="2024-07-27T15:40:14 IST" name="LoginTest" data-provider="testdata" finished-at="2024-07-27T15:40:28 IST" duration-ms="13763" status="PASS">
          <params>
            <param index="0">
              <value>
                <![CDATA[admin@yourstoredf.com]]>
              </value>
            </param>
            <param index="1">
              <value>
                <![CDATA[adminefe]]>
              </value>
            </param>
          </params>
          <reporter-output>
          </reporter-output>
        </test-method> <!-- LoginTest -->
        <test-method is-config="true" signature="teardown()[pri:0, instance:testcases.SignUpTest@290222c1]" started-at="2024-07-27T15:40:28 IST" name="teardown" finished-at="2024-07-27T15:40:28 IST" duration-ms="217" status="PASS">
          <reporter-output>
          </reporter-output>
        </test-method> <!-- teardown -->
        <test-method is-config="true" signature="setup()[pri:0, instance:testcases.SignUpTest@290222c1]" started-at="2024-07-27T15:40:28 IST" name="setup" finished-at="2024-07-27T15:40:32 IST" duration-ms="3721" status="PASS">
          <reporter-output>
          </reporter-output>
        </test-method> <!-- setup -->
        <test-method signature="LoginTest(java.lang.String, java.lang.String)[pri:0, instance:testcases.SignUpTest@290222c1]" started-at="2024-07-27T15:40:32 IST" name="LoginTest" data-provider="testdata" finished-at="2024-07-27T15:40:46 IST" duration-ms="14605" status="PASS">
          <params>
            <param index="0">
              <value>
                <![CDATA[admin@yourstoredfef.com]]>
              </value>
            </param>
            <param index="1">
              <value>
                <![CDATA[adminff]]>
              </value>
            </param>
          </params>
          <reporter-output>
          </reporter-output>
        </test-method> <!-- LoginTest -->
        <test-method is-config="true" signature="teardown()[pri:0, instance:testcases.SignUpTest@290222c1]" started-at="2024-07-27T15:40:46 IST" name="teardown" finished-at="2024-07-27T15:40:47 IST" duration-ms="261" status="PASS">
          <reporter-output>
          </reporter-output>
        </test-method> <!-- teardown -->
        <test-method is-config="true" signature="setup()[pri:0, instance:testcases.SignUpTest@290222c1]" started-at="2024-07-27T15:40:47 IST" name="setup" finished-at="2024-07-27T15:40:51 IST" duration-ms="4464" status="PASS">
          <reporter-output>
          </reporter-output>
        </test-method> <!-- setup -->
        <test-method signature="LoginTest(java.lang.String, java.lang.String)[pri:0, instance:testcases.SignUpTest@290222c1]" started-at="2024-07-27T15:40:51 IST" name="LoginTest" data-provider="testdata" finished-at="2024-07-27T15:41:06 IST" duration-ms="14324" status="PASS">
          <params>
            <param index="0">
              <value>
                <![CDATA[admin@yourstorefef.com]]>
              </value>
            </param>
            <param index="1">
              <value>
                <![CDATA[adminff]]>
              </value>
            </param>
          </params>
          <reporter-output>
          </reporter-output>
        </test-method> <!-- LoginTest -->
        <test-method is-config="true" signature="teardown()[pri:0, instance:testcases.SignUpTest@290222c1]" started-at="2024-07-27T15:41:06 IST" name="teardown" finished-at="2024-07-27T15:41:06 IST" duration-ms="243" status="PASS">
          <reporter-output>
          </reporter-output>
        </test-method> <!-- teardown -->
        <test-method is-config="true" signature="setup()[pri:0, instance:testcases.SignUpTest@290222c1]" started-at="2024-07-27T15:41:06 IST" name="setup" finished-at="2024-07-27T15:41:09 IST" duration-ms="3271" status="PASS">
          <reporter-output>
          </reporter-output>
        </test-method> <!-- setup -->
        <test-method signature="LoginTest(java.lang.String, java.lang.String)[pri:0, instance:testcases.SignUpTest@290222c1]" started-at="2024-07-27T15:41:09 IST" name="LoginTest" data-provider="testdata" finished-at="2024-07-27T15:41:29 IST" duration-ms="20336" status="PASS">
          <params>
            <param index="0">
              <value>
                <![CDATA[admin@yourstore.com]]>
              </value>
            </param>
            <param index="1">
              <value>
                <![CDATA[admin]]>
              </value>
            </param>
          </params>
          <reporter-output>
          </reporter-output>
        </test-method> <!-- LoginTest -->
        <test-method is-config="true" signature="teardown()[pri:0, instance:testcases.SignUpTest@290222c1]" started-at="2024-07-27T15:41:29 IST" name="teardown" finished-at="2024-07-27T15:41:30 IST" duration-ms="148" status="PASS">
          <reporter-output>
          </reporter-output>
        </test-method> <!-- teardown -->
      </class> <!-- testcases.SignUpTest -->
    </test> <!-- test -->
  </suite> <!-- Suite -->
</testng-results>
